{
  "RSpec": {
    "coverage": {
      "/Users/student/Documents/Makers/weekend-challenges/instagram-challenge/react-rails-api-instagram/app/controllers/posts_controller.rb": [
        1,
        1,
        null,
        null,
        1,
        null,
        null,
        1,
        null,
        null,
        1,
        null,
        null
      ],
      "/Users/student/Documents/Makers/weekend-challenges/instagram-challenge/react-rails-api-instagram/app/controllers/application_controller.rb": [
        1,
        null
      ],
      "/Users/student/Documents/Makers/weekend-challenges/instagram-challenge/react-rails-api-instagram/app/models/post.rb": [
        1,
        null
      ],
      "/Users/student/Documents/Makers/weekend-challenges/instagram-challenge/react-rails-api-instagram/app/models/application_record.rb": [
        1,
        1,
        null
      ]
    },
    "timestamp": 1573321361
  }
}
